<?xml version="1.0" encoding="UTF-8"?>
<testng-results skipped="0" failed="0" ignored="0" total="1" passed="1">
  <reporter-output>
  </reporter-output>
  <suite name="Default suite" duration-ms="22946" started-at="2018-11-30T14:21:13Z" finished-at="2018-11-30T14:21:36Z">
    <groups>
    </groups>
    <test name="Default test" duration-ms="22946" started-at="2018-11-30T14:21:13Z" finished-at="2018-11-30T14:21:36Z">
      <class name="gmail.test">
        <test-method status="PASS" signature="setup()[pri:0, instance:gmail.test@86be70a]" name="setup" is-config="true" duration-ms="7275" started-at="2018-11-30T14:21:13Z" finished-at="2018-11-30T14:21:20Z">
          <reporter-output>
          </reporter-output>
        </test-method> <!-- setup -->
        <test-method status="PASS" signature="method1()[pri:0, instance:gmail.test@86be70a]" name="method1" duration-ms="15619" started-at="2018-11-30T14:21:20Z" finished-at="2018-11-30T14:21:36Z">
          <reporter-output>
          </reporter-output>
        </test-method> <!-- method1 -->
      </class> <!-- gmail.test -->
    </test> <!-- Default test -->
  </suite> <!-- Default suite -->
</testng-results>
